C51 COMPILER V9.56.0.0   20190328                                                          03/31/2019 19:13:31 PAGE 1   


C51 COMPILER V9.56.0.0, COMPILATION OF MODULE 20190328
OBJECT MODULE PLACED IN .\Objects\20190328.obj
COMPILER INVOKED BY: C:\Program Files (x86)\keil\C51\BIN\C51.EXE 20190328.c OPTIMIZE(8,SPEED) BROWSE DEBUG OBJECTEXTEND 
                    -PRINT(.\Listings\20190328.lst) TABS(2) OBJECT(.\Objects\20190328.obj)

line level    source

   1          #include<regx51.h>
   2          void delay(unsigned int i);
   3          //void bibibi(int i);
   4          sbit Beep = P1^7;
   5          //共阴极数码管字模0 - 9 //增加“-”
   6          unsigned char code Disp_Tab[] = {0x3f,0x06,0x5b,0x4f,0x66,0x6d,0x7d,0x07,0x7f,0x6f,0x40,0xbf};
   7          //共阴极数码管位选控制 0 - 7
   8          //unsigned char code dispbit[8]={0xfe,0xfd,0xfb,0xf7,0xef,0xdf,0xbf,0x7f};
   9          void main(void)
  10          {
  11   1        unsigned int i, j, o, p ,q, LedNumVal=1;
  12   1        unsigned int LedOut[8];
  13   1        while(1)
  14   1        {
  15   2          for(o = 0;o <= 24;o++)
  16   2          {
  17   3            for(p = 0;p <= 59;p++)
  18   3            {
  19   4              for(q = 0;q <= 59;q++)
  20   4              {
  21   5                switch(P1)
  22   5                {
  23   6                  case 0xfe : if(q <= 58){q++; break;}else{q = 0; break;}
  24   6                  case 0xfd : if(p <= 58){p++; break;}else{p = 0; break;}
  25   6                  case 0xfb : if(o <= 23){o++; break;}else{o = 0; break;}
  26   6                  case 0xef : if(q >= 2){q--; break;}else{q = 59; break;}
  27   6                  case 0xdf : if(p >= 1){p--; break;}else{p = 59; break;}
  28   6                  case 0xbf : if(o >= 1){o--; break;}else{o = 23; break;}
  29   6                  case 0xff : break;
  30   6                }
  31   5                LedOut[0] = Disp_Tab[o / 10];
  32   5                LedOut[1] = Disp_Tab[o % 10];
  33   5                LedOut[2] = Disp_Tab[10];
  34   5                LedOut[3] = Disp_Tab[p / 10];
  35   5                LedOut[4] = Disp_Tab[p % 10];
  36   5                LedOut[5] = Disp_Tab[10];//横杠
  37   5                LedOut[6] = Disp_Tab[q / 10];//秒数十位
  38   5                LedOut[7] = Disp_Tab[q % 10];//秒数个位
  39   5                for(j = 0;j <= 56;j++) //调整速度
  40   5                {
  41   6                  for(i = 0;i <= 7;i++)
  42   6                  {
  43   7                    P0 = LedOut[i];
  44   7                    P2 = 0xf8 + i;
  45   7                    delay(120);//改频闪，会影响速度
  46   7                  }
  47   6                }
  48   5              }
  49   4            }
  50   3          }
  51   2        }
  52   1      }
  53          /*
  54          void bibibi(int i)
C51 COMPILER V9.56.0.0   20190328                                                          03/31/2019 19:13:31 PAGE 2   

  55          {
  56             Beep= 1;
  57             delay(i);
  58             Beep= 0;
  59             delay(i);
  60          }
  61          */
  62          void delay(unsigned int i)
  63          {
  64   1          char j;
  65   1          for(i; i > 0; i--)
  66   1              for(j = 200; j > 0; j--);
  67   1      }


MODULE INFORMATION:   STATIC OVERLAYABLE
   CODE SIZE        =    572    ----
   CONSTANT SIZE    =     12    ----
   XDATA SIZE       =   ----    ----
   PDATA SIZE       =   ----    ----
   DATA SIZE        =   ----      28
   IDATA SIZE       =   ----    ----
   BIT SIZE         =   ----    ----
END OF MODULE INFORMATION.


C51 COMPILATION COMPLETE.  0 WARNING(S),  0 ERROR(S)
