C51 COMPILER V9.56.0.0   20190327                                                          03/27/2019 19:21:52 PAGE 1   


C51 COMPILER V9.56.0.0, COMPILATION OF MODULE 20190327
OBJECT MODULE PLACED IN .\Objects\20190327.obj
COMPILER INVOKED BY: C:\Program Files (x86)\keil\C51\BIN\C51.EXE 20190327.c OPTIMIZE(8,SPEED) BROWSE DEBUG OBJECTEXTEND 
                    -PRINT(.\Listings\20190327.lst) TABS(2) OBJECT(.\Objects\20190327.obj)

line level    source

   1          #include<regx51.h>
   2          void delay(unsigned int time)
   3          { 
   4   1        unsigned int j=0;
   5   1          for(;time>0;time--)
   6   1            for(j=0;j<125;j++);
   7   1      }
   8          void main()
   9          { 
  10   1        bit dir=0,run=0; //run起停标志，dir方向标志 初始化
  11   1        char i;
  12   1        P2=0;
  13   1        char led[]={0xfe,0x0fd,0xfb,0xf7,0xef,0xdf,0xbf,0x7f};//P2口亮灯编码
*** ERROR C141 IN LINE 13 OF 20190327.c: syntax error near 'char'
*** ERROR C141 IN LINE 13 OF 20190327.c: syntax error near '}'
  14   1        while(1)
  15   1        { 
  16   2          switch(P3&0xf0)//无按键
  17   2          {
  18   3            case 0xe0:
  19   3              delay(50);
  20   3              if ((P3&0xf0)==0xe0) {run=1;break;}//K1启动键
  21   3            case 0xd0:
  22   3              delay(50);
  23   3              if ((P3&0xf0)==0xd0) {run=0,dir=0;break;}//K2停止键
  24   3            case 0xb0:
  25   3              delay(50);
  26   3              if ((P3&0xf0)==0xb0) {dir=1;break;}//K3方向自上而下
  27   3            case 0x70:
  28   3              delay(50);
  29   3              if ((P3&0xf0)==0x70) {dir=0;break;}//K4方向自下而上
  30   3          }
  31   2            if(run)
  32   2            {
  33   3              if(dir)
  34   3                for(i=0;i<=7;i++)//若dir=1,run=1,自上而下
  35   3              {
  36   4              P1=led[i];
*** ERROR C202 IN LINE 36 OF 20190327.c: 'led': undefined identifier
  37   4              delay(200);
  38   4              }
  39   3              else
  40   3                for(i=7;i>=0;i--)//若dir=0,run=1,自下而上
  41   3              {
  42   4                P1=led[i];
*** ERROR C202 IN LINE 42 OF 20190327.c: 'led': undefined identifier
  43   4                delay(200);
  44   4              }
  45   3            }
  46   2            else P1=0xff;//若run=0,灯全灭
  47   2        }
  48   1      }

C51 COMPILATION COMPLETE.  0 WARNING(S),  4 ERROR(S)
