C51 COMPILER V9.56.0.0   20190403                                                          04/08/2019 14:28:06 PAGE 1   


C51 COMPILER V9.56.0.0, COMPILATION OF MODULE 20190403
OBJECT MODULE PLACED IN .\Objects\20190403.obj
COMPILER INVOKED BY: C:\Program Files (x86)\keil\C51\BIN\C51.EXE 20190403.c OPTIMIZE(8,SPEED) BROWSE DEBUG OBJECTEXTEND 
                    -PRINT(.\Listings\20190403.lst) TABS(2) OBJECT(.\Objects\20190403.obj)

line level    source

   1          #include<regx51.h>
   2          #include<intrins.h>
   3          void delay(unsigned int i);
   4          
   5          sbit fm = P2^3;
   6          unsigned char a;
   7          unsigned int i, q = 0;
   8          //void bibibi(int i);
   9          //共阴极数码管字模0 - 9 //增加“-”
  10          //unsigned char code Disp_Tab[] = {0x3f,0x06,0x5b,0x4f,0x66,0x6d,0x7d,0x07,0x7f,0x6f,0x40,0xbf};
  11          //共阴极数码管位选控制 0 - 7
  12          //unsigned char code dispbit[4]={0x1f,0x2f,0x4f,0x8f};
  13          void main(void)
  14          {
  15   1        EA = 1;
  16   1        EX0 = 1;
  17   1        EX1 = 1;
  18   1        IT0 = 1;
  19   1        IT1 = 1;
  20   1        PX1 = 1;
  21   1        while(1)
  22   1        {
  23   2          P1 = 0xff;
  24   2        }
  25   1      }
  26          void int0()interrupt 0
  27          {
  28   1        EX0 = 0;
  29   1        a = 0xfe;
  30   1        for(i = 0;i < 8;i++)
  31   1        {
  32   2          P1 = a;
  33   2          a = _crol_(a, 1);
  34   2          delay(500);
  35   2        }
  36   1        EX0 = 1;
  37   1      }
  38          void int1()interrupt 2
  39          {
  40   1        EX1 = 0;
  41   1        a = 0x7f;
  42   1        for(i = 0;i < 8;i++)
  43   1        {
  44   2          P1 = a;
  45   2          a = _cror_(a, 1);
  46   2          delay(500);
  47   2        }
  48   1        EX1 = 1;
  49   1      }
  50          void delay(unsigned int xms)        
  51          {
  52   1        unsigned int i,j;
  53   1        for(i=xms;i>0;i--)
  54   1          for(j=112;j>0;j--);
C51 COMPILER V9.56.0.0   20190403                                                          04/08/2019 14:28:06 PAGE 2   

  55   1      }


MODULE INFORMATION:   STATIC OVERLAYABLE
   CODE SIZE        =    259    ----
   CONSTANT SIZE    =   ----    ----
   XDATA SIZE       =   ----    ----
   PDATA SIZE       =   ----    ----
   DATA SIZE        =      5    ----
   IDATA SIZE       =   ----    ----
   BIT SIZE         =   ----    ----
END OF MODULE INFORMATION.


C51 COMPILATION COMPLETE.  0 WARNING(S),  0 ERROR(S)
