C51 COMPILER V9.56.0.0   20190513___74HC164______8______                                   05/15/2019 19:40:15 PAGE 1   


C51 COMPILER V9.56.0.0, COMPILATION OF MODULE 20190513___74HC164______8______
OBJECT MODULE PLACED IN .\Objects\20190513 - 74HC164´®ÁªµÄ8Î»Ê±ÖÓ.obj
COMPILER INVOKED BY: C:\Program Files (x86)\keil\C51\BIN\C51.EXE 20190513 - 74HC164´®ÁªµÄ8Î»Ê±ÖÓ.c OPTIMIZE(8,SPEED) BRO
                    -WSE DEBUG OBJECTEXTEND PRINT(.\Listings\20190513 - 74HC164´®ÁªµÄ8Î»Ê±ÖÓ.lst) TABS(2) OBJECT(.\Objects\20190513 - 74HC164
                    -´®ÁªµÄ8Î»Ê±ÖÓ.obj)

line level    source

   1          /***
   2          é€‚ç”¨äº11.0592MHzçš„å®éªŒæ¿çš„ç²¾å‡†ç§’è¡¨
   3          åŠŸèƒ½ä»‹ç»ï¼š
   4            å¤–éƒ¨ä¸­æ–­0æŒ‰é”®ï¼šå¼€å§‹&æš‚åœ
   5            å¤–éƒ¨ä¸­æ–­1æŒ‰é”®ï¼šæ¸…é›¶å¹¶åœæ­¢
   6            çŸ©é˜µæŒ‰é”®åŠŸèƒ½ï¼š
   7            SEC+ç§’åŠ    SEC-ç§’å‡
   8            MIN+åˆ†åŠ    MIN-åˆ†å‡
   9            HOUR+æ—¶åŠ   HOUR-æ—¶å‡
  10            QUICKä¸Šä¸€æ¬¡è°ƒæ•´çš„æ•°å˜æˆè¿›åˆ¶çš„ä¸€åŠï¼Œä¾‹å¦‚ä¸Šä¸€æ¬¡æ›´æ”¹äº†åˆ†é’Ÿï¼Œå°±ä¼šæŠŠåˆ†é’Ÿæ”¹ä¸º3
             -0
  11            è°ƒæ•´æ—¶é—´åå¯ä»¥ç«‹å³åˆ·æ–°æ˜¾ç¤ºï¼Œæš‚åœã€åœæ­¢æ—¶ä¹Ÿå¯ä»¥è°ƒæ•´æ—¶é—´
  12            å¯ä»¥ä½¿ç”¨çŸ©é˜µæŒ‰é”®ä¸­çš„QUICKæŒ‰é”®å¿«é€Ÿè°ƒæ—¶
  13          ***/
  14          #include<regx52.h>
  15          sbit Disp_EN = P1^0;
  16          sbit FM = P0^0;
  17          unsigned char code Disp_Tab_2[] = {0x77,0x14,0xb3,0xb6,0xd4,0xe6,0xe7,0x34,0xf7,0xf6,0x00};
  18          unsigned char i, j, sec = 0, min = 0, hour = 0, flag[4] = {0};//flagæ•°ç»„
  19          unsigned int t = 0;
  20          unsigned long int temp;
  21          void Init(void);
  22          void Disp(void);
  23          void Button_Switch(void);
  24          void Beep(void);
  25          void delay(unsigned int i);
  26          void main(void)
  27          {
  28   1        Init();
  29   1        while(1)
  30   1        {
  31   2          for(hour = 0;hour <= 24;hour++)
  32   2          {
  33   3            for(min = 0;min <= 59;min++)
  34   3            {
  35   4              for(sec = 0;sec <= 59;sec++)
  36   4              {
  37   5                /*flag[0]ä¸ºæ—¶é—´åˆ¤æ–­ï¼Œåœ¨å®šæ—¶ä¸­æ–­é‡Œæ¯è¿‡1ç§’flag[0]ä¼šç½®1ï¼Œ
  38   5                åœ¨mainå‡½æ•°ä¸­ç”¨while(!flag[0])æ“ä½œåå¤æŸ¥è¯¢å¹¶ç­‰å¾…flag[0]å˜ä¸º1ï¼Œ
  39   5                flag[0]ä¸º1æ—¶è·³å‡ºé”®ç›˜æ‰«æå¾ªç¯ï¼Œæ‰§è¡Œsecå˜é‡çš„+1æ“ä½œã€‚
  40   5                */
  41   5                while(!flag[0])//flagä¸º1æ—¶è·³å‡ºå¾ªç¯
  42   5                  Button_Switch();
  43   5                flag[0] = 0;
  44   5              }
  45   4            }
  46   3          }
  47   2        }
  48   1      }
  49          void Init(void)//åˆå§‹åŒ–å‡½æ•°
  50          {
  51   1        TMOD = 0x02;//å®šæ—¶è®¡æ•°å™¨0å·¥ä½œæ–¹å¼2
  52   1        SCON = 0x00;
C51 COMPILER V9.56.0.0   20190513___74HC164______8______                                   05/15/2019 19:40:15 PAGE 2   

  53   1        TH0 = 0x80;//åˆå€¼ä¸ºåè¿›åˆ¶çš„128ï¼Œæ¯è¿‡256 - 128 = 128ä¸ªæœºå™¨å‘¨æœŸå°±æº¢å‡ºå¹¶å‘CPUç”³è¯·ä¸­æ–
             -­
  54   1        TL0 = 0x80;
  55   1        ET0 = 1;
  56   1        EX0 = 1;
  57   1        EX1 = 1;
  58   1        IT0 = 1;
  59   1        EA = 1;
  60   1        P2 = 0xff;
  61   1        Disp();
  62   1      }
  63          void Disp(void)//æ˜¾ç¤ºå‡½æ•°
  64          {
  65   1        temp = sec + min * 1E2 + hour * 1E4;//å°†ç§’ã€åˆ†ã€æ—¶è¿èµ·æ¥ä¿å­˜è‡³ä¸€ä¸ªé•¿æ•´å‹å˜é‡ä¸­ï¼Œä»¥ç
             -¼©å‡åé¢çš„ä»£ç é‡
  66   1        for(i = 0;i < 8;i++)
  67   1        {
  68   2          Disp_EN = 1;
  69   2          if(i == 2||i == 5)
  70   2          {
  71   3            SBUF = 0x80;
  72   3          }
  73   2          else
  74   2          {
  75   3            SBUF = Disp_Tab_2[temp % 10];//å°†tempä¸­çš„æ•°å­—é€ä½å‘é€è‡³74HC164
  76   3            temp /= 10;
  77   3          }
  78   2          while(!TI);
  79   2          TI = 0;
  80   2          Disp_EN = 0;
  81   2        }
  82   1      }
  83          void Button_Switch(void)
  84          {
  85   1        switch(P2)
  86   1        {
  87   2          case 0xfe:
  88   2            while(P2 ^ 0xff);//ç­‰å¾…æŒ‰é”®æŠ¬èµ·
  89   2            if(sec <= 58)
  90   2              sec++;
  91   2            else
  92   2              sec = 0;
  93   2            flag[1] = 1;//æ ‡è®°å½“å‰æ“ä½œçš„æ•°æ˜¯ç§’ã€åˆ†è¿˜æ˜¯æ—¶ï¼Œå¯¹ç¬¬7ä¸ªæŒ‰é”®çš„åŠŸèƒ½æœ‰ç”¨
  94   2            Disp();//æ¯æ¬¡æŒ‰é”®æ“ä½œååˆ·æ–°ä¸€æ¬¡æ•°ç ç®¡æ˜¾ç¤º
  95   2            Beep();
  96   2            break;
  97   2          case 0xfd:
  98   2            while(P2 ^ 0xff);
  99   2            if(min <= 58)
 100   2              min++;
 101   2            else
 102   2              min = 0;
 103   2            flag[2] = 1;
 104   2            Disp();
 105   2            Beep();
 106   2            break;
 107   2          case 0xfb:
 108   2            while(P2 ^ 0xff);
 109   2            if(hour <= 22)
 110   2              hour++;
 111   2            else
 112   2              hour = 0;
C51 COMPILER V9.56.0.0   20190513___74HC164______8______                                   05/15/2019 19:40:15 PAGE 3   

 113   2            flag[3] = 1;
 114   2            Disp();
 115   2            Beep();
 116   2            break;
 117   2          case 0xef:
 118   2            while(P2 ^ 0xff);
 119   2            if(sec >= 2)
 120   2              sec--;
 121   2            else
 122   2              sec = 59;
 123   2            flag[1] = 1;
 124   2            Disp();
 125   2            Beep();
 126   2            break;
 127   2          case 0xdf:
 128   2            while(P2 ^ 0xff);
 129   2            if(min >= 1)
 130   2              min--;
 131   2            else
 132   2              min = 59;
 133   2            flag[2] = 1;
 134   2            Disp();
 135   2            Beep();
 136   2            break;
 137   2          case 0xbf:
 138   2            while(P2 ^ 0xff);
 139   2            if(hour >= 1)
 140   2              hour--;
 141   2            else
 142   2              hour = 23;
 143   2            flag[3] = 1;
 144   2            Disp();
 145   2            Beep();
 146   2            break;
 147   2            /**
 148   2          case 6:
 149   2            while(P2 ^ 0xff);
 150   2            for(j = 1;j < 4;j++)//ç”¨å¾ªç¯æŸ¥è¯¢ä¸Šæ¬¡ç”¨æŒ‰é”®æ”¹å˜çš„æ•°ä½æ˜¯ç§’ã€åˆ†è¿˜æ˜¯æ—¶
 151   2            {
 152   2              if(flag[j] == 1)
 153   2              {
 154   2                if(j == 1)
 155   2                  sec = 30;
 156   2                else if(j == 2)
 157   2                  min = 30;
 158   2                else if(j == 3)
 159   2                  hour = 12;
 160   2                flag[j] = 0;//å°†ç›¸åº”çš„flagæ ‡å¿—ä½ç½®é›¶
 161   2              }
 162   2            }
 163   2            Disp();
 164   2            break;
 165   2            **/
 166   2          case 0xff: break;
 167   2        }
 168   1      }
 169          void Beep(void)
 170          {
 171   1        FM = 1;
 172   1        delay(70);
 173   1      }
 174          void delay(unsigned int i)
C51 COMPILER V9.56.0.0   20190513___74HC164______8______                                   05/15/2019 19:40:15 PAGE 4   

 175          {
 176   1          char j;
 177   1          for(i; i > 0; i--)
 178   1              for(j = 112; j > 0; j--);
 179   1      }
 180          
 181          void Start_Pause(void) interrupt 0//å¼€å§‹&æš‚åœå‡½æ•°
 182          {
 183   1        EX0 = 0;
 184   1        TR0 = ~TR0;
 185   1        EX0 = 1;
 186   1      }
 187          void Timer0(void) interrupt 1
 188          {
 189   1        t++;
 190   1        /***128 * 7200 = 921600ï¼Œåœ¨11.0592Mhzæ™¶æŒ¯ä¸‹çš„921600ä¸ªæœºå™¨å‘¨æœŸï¼Œ
 191   1        é™¤ä»¥(11.0592 / 12)çš„æ¯”ä¾‹å…³ç³»ï¼Œæ­£å¥½æ˜¯1000000å¾®ç§’ï¼Œå³1ç§’***/
 192   1        if(t == 7200)
 193   1        {
 194   2          t = 0;
 195   2          flag[0] = 1;//æ¯è¿‡1ç§’flag[0]ç½®1ï¼Œä»¥åœ¨mainå‡½æ•°é‡Œè¿›è¡Œsec+1
 196   2          Disp();
 197   2        }
 198   1      }
 199          void Reset(void) interrupt 2
 200          {
 201   1        TR0 = 0;
 202   1        sec = 0;
 203   1        min = 0;
 204   1        hour = 0;
 205   1        Disp();
 206   1      }


MODULE INFORMATION:   STATIC OVERLAYABLE
   CODE SIZE        =    624    ----
   CONSTANT SIZE    =     11    ----
   XDATA SIZE       =   ----    ----
   PDATA SIZE       =   ----    ----
   DATA SIZE        =     15    ----
   IDATA SIZE       =   ----    ----
   BIT SIZE         =   ----    ----
END OF MODULE INFORMATION.


C51 COMPILATION COMPLETE.  0 WARNING(S),  0 ERROR(S)
