C51 COMPILER V9.56.0.0   20190405                                                          04/05/2019 16:47:03 PAGE 1   


C51 COMPILER V9.56.0.0, COMPILATION OF MODULE 20190405
OBJECT MODULE PLACED IN .\Objects\20190405.obj
COMPILER INVOKED BY: C:\Program Files (x86)\keil\C51\BIN\C51.EXE 20190405.c OPTIMIZE(8,SPEED) BROWSE DEBUG OBJECTEXTEND 
                    -PRINT(.\Listings\20190405.lst) TABS(2) OBJECT(.\Objects\20190405.obj)

line level    source

   1          #include<regx52.h>
   2          #include<intrins.h>
   3          unsigned char temp;
   4          unsigned char key;
   5          unsigned char code LEDCode[] = {0x3F,0x06,0x5B,0x4F,0x66,0x6D,0x7D,0x07,0x7F,0x6F,0x77,0x7C,0x39,0x5E,0x79
             -,0x71};//共阴极数码管字模
   6          void delay(unsigned int xms);//晶振11.0592Mhz
   7          void keyscan(void);//键扫描函数
   8          void main(void)
   9          {
  10   1        while(1)
  11   1        {
  12   2          keyscan();
  13   2          P2 = LEDCode[key];
  14   2        }
  15   1      }
  16          void keyscan(void)
  17          {
  18   1        int i = 0;
  19   1        unsigned char h = 0xEF, l = 0x0F;//h = 0xE0;
  20   1        /* P1^0~P1^3行高电平，P1^4~P1^7列扫描 */
  21   1        for(i = 0;i < 4;i++)
  22   1        {
  23   2          P1 = (h & 0xF0) | l;
  24   2          if((P1 & 0x0F) != 0x0F)
  25   2          {
  26   3            delay(10);
  27   3            if((P1 & 0x0F) != 0x0F)
  28   3            {
  29   4              switch(P1&0x0F)
  30   4              {
  31   5                case 0x0E:
  32   5                  key = i;
  33   5                  break;
  34   5                case 0x0D:
  35   5                  key = 4 + i;
  36   5                  break;
  37   5                case 0x0B:
  38   5                  key = 8 + i;
  39   5                  break;
  40   5                case 0x07:
  41   5                  key = 12 + i;
  42   5                  break;
  43   5                default: break;
  44   5              }
  45   4            }
  46   3          }
  47   2            h = _crol_(h, 1);
  48   2            //h = (~(((~h) & 0xF0) << 1)) & 0xF0;
  49   2        }
  50   1      }
  51          void delay(unsigned int xms)    
  52          {
  53   1        unsigned int i,j;
C51 COMPILER V9.56.0.0   20190405                                                          04/05/2019 16:47:03 PAGE 2   

  54   1        for(i=xms;i>0;i--)
  55   1          for(j=112;j>0;j--);
  56   1      }


MODULE INFORMATION:   STATIC OVERLAYABLE
   CODE SIZE        =    168    ----
   CONSTANT SIZE    =     16    ----
   XDATA SIZE       =   ----    ----
   PDATA SIZE       =   ----    ----
   DATA SIZE        =      2       4
   IDATA SIZE       =   ----    ----
   BIT SIZE         =   ----    ----
END OF MODULE INFORMATION.


C51 COMPILATION COMPLETE.  0 WARNING(S),  0 ERROR(S)
