C51 COMPILER V9.56.0.0   20190331                                                          04/01/2019 14:27:03 PAGE 1   


C51 COMPILER V9.56.0.0, COMPILATION OF MODULE 20190331
OBJECT MODULE PLACED IN .\Objects\20190331.obj
COMPILER INVOKED BY: C:\Program Files (x86)\keil\C51\BIN\C51.EXE 20190331.c OPTIMIZE(8,SPEED) BROWSE DEBUG OBJECTEXTEND 
                    -PRINT(.\Listings\20190331.lst) TABS(2) OBJECT(.\Objects\20190331.obj)

line level    source

   1          #include<regx51.h>
   2          void delay(unsigned int xms);
   3          unsigned char code Num[] = {0x3f,0x06,0x5b,0x4f,0x66,0x6d,0x7d,0x07,0x7f,0x6f,0x40,0xbf};//π≤“ı
   4          
   5          void main(void)
   6          {
   7   1        int i=0;
   8   1        while(1)
   9   1        {
  10   2          for(i=0;i<=60;i++)
  11   2          {
  12   3            if(i==60)
  13   3            {
  14   4              i=0;
  15   4            }
  16   3            P2=Num[i%10];
  17   3            P0=Num[i/10];
  18   3            delay(1000);
  19   3          }
  20   2        }
  21   1      }
  22          
  23          void delay(unsigned int xms)        
  24          {
  25   1        unsigned int i,j;
  26   1        for(i=xms;i>0;i--)
  27   1          for(j=112;j>0;j--);
  28   1      }


MODULE INFORMATION:   STATIC OVERLAYABLE
   CODE SIZE        =    130    ----
   CONSTANT SIZE    =     12    ----
   XDATA SIZE       =   ----    ----
   PDATA SIZE       =   ----    ----
   DATA SIZE        =   ----       2
   IDATA SIZE       =   ----    ----
   BIT SIZE         =   ----    ----
END OF MODULE INFORMATION.


C51 COMPILATION COMPLETE.  0 WARNING(S),  0 ERROR(S)
