C51 COMPILER V9.56.0.0   20190513___74HC164____                                            05/14/2019 00:10:37 PAGE 1   


C51 COMPILER V9.56.0.0, COMPILATION OF MODULE 20190513___74HC164____
OBJECT MODULE PLACED IN .\Objects\20190513 - 74HC164√Î±Ì.obj
COMPILER INVOKED BY: C:\Program Files (x86)\keil\C51\BIN\C51.EXE 20190513 - 74HC164√Î±Ì.c OPTIMIZE(8,SPEED) BROWSE DEBUG
                    - OBJECTEXTEND PRINT(.\Listings\20190513 - 74HC164√Î±Ì.lst) TABS(2) OBJECT(.\Objects\20190513 - 74HC164√Î±Ì.obj)

line level    source

   1          //ÈÄÇÁî®‰∫é11.0592MHzÁöÑÂÆûÈ™åÊùøÁöÑÁ≤æÂáÜÁßíË°®
   2          #include<regx52.h>
   3          unsigned char code Disp_Tab_2[] = {0x77,0x14,0xb3,0xb6,0xd4,0xe6,0xe7,0x34,0xf7,0xf6,0x00};
   4          unsigned int t = 0, i, sec = 0, temp;
   5          void init(void);
   6          void main(void)
   7          {
   8   1        init();
   9   1        while(1);
  10   1      }
  11          void init(void)
  12          {
  13   1        TMOD = 0x02;
  14   1        SCON = 0x00;
  15   1        TH0 = 0x80;
  16   1        TL0 = 0x80;
  17   1        ET0 = 1;
  18   1        EX0 = 1;
  19   1        EX1 = 1;
  20   1        IT0 = 1;
  21   1        EA = 1;
  22   1      }
  23          void start(void) interrupt 0
  24          {
  25   1        EX0 = 0;
  26   1        TR0 = 1;
  27   1        EX0 = 1;
  28   1      }
  29          void timer0(void) interrupt 1
  30          {
  31   1        t++;
  32   1        if(t == 7200)
  33   1        {
  34   2          t = 0;
  35   2          if(sec < 99)
  36   2            sec++;
  37   2          else if(sec == 99)
  38   2            sec = 0;
  39   2          temp = sec;
  40   2          for(i = 0;i < 2;i++)
  41   2          {
  42   3            SBUF = Disp_Tab_2[temp % 10];
  43   3            temp /= 10;
  44   3          }
  45   2        }
  46   1      }
  47          void stop(void) interrupt 2
  48          {
  49   1        EX1 = 0;
  50   1        TR0 = 0;
  51   1        EX1 = 1;
  52   1      }


C51 COMPILER V9.56.0.0   20190513___74HC164____                                            05/14/2019 00:10:37 PAGE 2   

MODULE INFORMATION:   STATIC OVERLAYABLE
   CODE SIZE        =    207    ----
   CONSTANT SIZE    =     11    ----
   XDATA SIZE       =   ----    ----
   PDATA SIZE       =   ----    ----
   DATA SIZE        =      8    ----
   IDATA SIZE       =   ----    ----
   BIT SIZE         =   ----    ----
END OF MODULE INFORMATION.


C51 COMPILATION COMPLETE.  0 WARNING(S),  0 ERROR(S)
