C51 COMPILER V9.56.0.0   20190424___________                                               04/25/2019 22:11:52 PAGE 1   


C51 COMPILER V9.56.0.0, COMPILATION OF MODULE 20190424___________
OBJECT MODULE PLACED IN .\Objects\20190424 - ÆµÂÊ²âÁ¿.obj
COMPILER INVOKED BY: C:\Program Files (x86)\keil\C51\BIN\C51.EXE 20190424 - ÆµÂÊ²âÁ¿.c OPTIMIZE(8,SPEED) BROWSE DEBUG OB
                    -JECTEXTEND PRINT(.\Listings\20190424 - ÆµÂÊ²âÁ¿.lst) TABS(2) OBJECT(.\Objects\20190424 - ÆµÂÊ²âÁ¿.obj)

line level    source

   1          //æ¯”è¾ƒç²¾å‡†çš„é¢‘ç‡æµ‹é‡ç¨‹åº
   2          #include<regx52.h>
   3          sbit Pulse = P3^5;
   4          unsigned char code Disp_Tab_2[] = {0x77,0x14,0xb3,0xb6,0xd4,0xe6,0xe7,0x34,0xf7,0xf6,0x00};
   5          unsigned long int Fre;
   6          unsigned int t = 0;
   7          unsigned char Offset = 0x3D;//å½“é¢‘ç‡å¤§äº65536æ—¶æ›´æ–°è®¡æ•°å™¨çš„æ—¶é—´è¡¥å¿
   8          void Display(unsigned long int temp);
   9          void main(void)
  10          {
  11   1        TMOD = 0x52;//0101 0010
  12   1        SCON = 0x00;//ä¸²å£æ–¹å¼0è¾“å‡º
  13   1        TH0 = 6;//å®šæ—¶å™¨0 åˆå€¼ 256-250
  14   1        TL0 = 6;
  15   1        TH1 = 0;
  16   1        TL1 = 0;
  17   1        EA = 1;
  18   1        ET0 = 1;
  19   1        TR0 = 1;
  20   1        TR1 = 1;
  21   1        while(1)
  22   1        {
  23   2          if(TH1 >= 0xE0)//è®¡æ•°å™¨å³å°†æº¢å‡ºæ—¶æ›´æ–°è®¡æ•°å™¨
  24   2          {
  25   3            Fre += TH1 * 256 + TL1;
  26   3            if(TL0 >= Offset)
  27   3            TL0 -= Offset;
  28   3            TH1 = 0x00;
  29   3            TL1 = 0x00;
  30   3          }
  31   2          if(t == 0)
  32   2            Display(Fre);//æ¯ç§’åªåˆ·æ–°ä¸€æ¬¡é¢‘ç‡æ˜¾ç¤º
  33   2        }
  34   1      }
  35          void timer0(void) interrupt 1
  36          {
  37   1        t++;
  38   1        if(t == 4000)
  39   1        {
  40   2          t = 0;
  41   2          Fre += TH1 * 256 + TL1;
  42   2          TH1 = 0;
  43   2          TL1 = 0;
  44   2        }
  45   1      }
  46          void Display(unsigned long int temp)
  47          {
  48   1        unsigned char i;
  49   1        temp = Fre;
  50   1        for(i = 0;i < 8;i++)
  51   1        {
  52   2          SBUF = Disp_Tab_2[temp % 10];
  53   2          temp /= 10;
  54   2        }
C51 COMPILER V9.56.0.0   20190424___________                                               04/25/2019 22:11:52 PAGE 2   

  55   1        Fre = 0;
  56   1      }


MODULE INFORMATION:   STATIC OVERLAYABLE
   CODE SIZE        =    292    ----
   CONSTANT SIZE    =     11    ----
   XDATA SIZE       =   ----    ----
   PDATA SIZE       =   ----    ----
   DATA SIZE        =      7       5
   IDATA SIZE       =   ----    ----
   BIT SIZE         =   ----    ----
END OF MODULE INFORMATION.


C51 COMPILATION COMPLETE.  0 WARNING(S),  0 ERROR(S)
