C51 COMPILER V9.56.0.0   20190509___AD________                                             05/20/2019 14:40:50 PAGE 1   


C51 COMPILER V9.56.0.0, COMPILATION OF MODULE 20190509___AD________
OBJECT MODULE PLACED IN .\Objects\20190509 - AD转换实验.obj
COMPILER INVOKED BY: C:\Program Files (x86)\keil\C51\BIN\C51.EXE 20190509 - AD转换实验.c OPTIMIZE(8,SPEED) BROWSE DEBUG 
                    -OBJECTEXTEND PRINT(.\Listings\20190509 - AD转换实验.lst) TABS(2) OBJECT(.\Objects\20190509 - AD转换实验.obj)

line level    source

   1          #include<regx52.h>
   2          sbit OE = P3^5;
   3          sbit EOC = P3^6;
   4          sbit ALE_START = P3^7;
   5          unsigned char code Disp_Tab[] = {0x3f,0x06,0x5b,0x4f,0x66,0x6d,0x7d,0x07,0x7f,0x6f,0x40,0xbf};
   6          unsigned char code Disp_bit[] = {0x0e, 0x0d, 0x0b, 0x07};
   7          unsigned int x;
   8          void Init(void);
   9          void Display(void);
  10          void Delay(unsigned int i);
  11          void main(void)
  12          {
  13   1        P2 = 0x0f;//ADC0808板绔杈ヤ负0;
  14   1        Init();
  15   1        while(1)
  16   1          Display();
  17   1      }
  18          void Delay(unsigned int i)
  19          {
  20   1          unsigned char j;
  21   1          for(; i > 0; i--)
  22   1              for(j = 112; j > 0; j--);
  23   1      }
  24          void Display(void)
  25          {
  26   1        char i;
  27   1        unsigned int temp;
  28   1        temp = x;
  29   1        for(i = 3;i >= 0;i--)
  30   1        {
  31   2          if(i == 0)
  32   2            P0 = Disp_Tab[temp % 10] | 0x80;
  33   2          else
  34   2            P0 = Disp_Tab[temp % 10];
  35   2          temp /= 10;
  36   2          P2 = Disp_bit[i];
  37   2          Delay(10);
  38   2          P2 = 0x0f;
  39   2        }
  40   1      }
  41          void Init(void)
  42          {
  43   1        IT0 = 1;
  44   1        EX0 = 1;
  45   1        EA = 1;
  46   1        ALE_START = 1;
  47   1        Delay(1);
  48   1        ALE_START = 0;
  49   1      }
  50          void Read_data(void) interrupt 0
  51          {
  52   1        EX0 = 0;
  53   1        OE = 1;
  54   1        x = (P1 * 1E3) / 51;
C51 COMPILER V9.56.0.0   20190509___AD________                                             05/20/2019 14:40:50 PAGE 2   

  55   1        OE = 0;
  56   1        ALE_START = 1;
  57   1        Delay(1);
  58   1        ALE_START = 0;
  59   1        EX0 = 1;
  60   1      }


MODULE INFORMATION:   STATIC OVERLAYABLE
   CODE SIZE        =    267    ----
   CONSTANT SIZE    =     16    ----
   XDATA SIZE       =   ----    ----
   PDATA SIZE       =   ----    ----
   DATA SIZE        =      2       2
   IDATA SIZE       =   ----    ----
   BIT SIZE         =   ----    ----
END OF MODULE INFORMATION.


C51 COMPILATION COMPLETE.  0 WARNING(S),  0 ERROR(S)
