C51 COMPILER V9.56.0.0   20190415___2MS                                                    04/28/2019 01:57:10 PAGE 1   


C51 COMPILER V9.56.0.0, COMPILATION OF MODULE 20190415___2MS
OBJECT MODULE PLACED IN .\Objects\20190415 - 2ms.obj
COMPILER INVOKED BY: C:\Program Files (x86)\keil\C51\BIN\C51.EXE 20190415 - 2ms.c OPTIMIZE(8,SPEED) BROWSE DEBUG OBJECTE
                    -XTEND PRINT(.\Listings\20190415 - 2ms.lst) TABS(2) OBJECT(.\Objects\20190415 - 2ms.obj)

line level    source

   1          #include<regx52.h>
   2          sbit LED = P2^0;
   3          unsigned int Hz = 400;
   4          void main(void)
   5          {
   6   1        //TMOD = 0x02;
   7   1        //TH0 = 244;
   8   1        //TL0 = 244;
   9   1        //EA = 1;
  10   1        //ET0 = 1;
  11   1        //TR0 = 1;
  12   1        while(1)
  13   1        {
  14   2          LED = ~LED;
  15   2          LED = ~LED;
  16   2          LED = ~LED;
  17   2          LED = ~LED;
  18   2        }
  19   1      }
  20          //void timer() interrupt 1
  21          //{
  22          //  LED = ~LED;
  23          //}


MODULE INFORMATION:   STATIC OVERLAYABLE
   CODE SIZE        =     10    ----
   CONSTANT SIZE    =   ----    ----
   XDATA SIZE       =   ----    ----
   PDATA SIZE       =   ----    ----
   DATA SIZE        =      2    ----
   IDATA SIZE       =   ----    ----
   BIT SIZE         =   ----    ----
END OF MODULE INFORMATION.


C51 COMPILATION COMPLETE.  0 WARNING(S),  0 ERROR(S)
