C51 COMPILER V9.56.0.0   20190402                                                          04/03/2019 20:09:28 PAGE 1   


C51 COMPILER V9.56.0.0, COMPILATION OF MODULE 20190402
OBJECT MODULE PLACED IN .\Objects\20190402.obj
COMPILER INVOKED BY: C:\Program Files (x86)\keil\C51\BIN\C51.EXE 20190402.c OPTIMIZE(8,SPEED) BROWSE DEBUG OBJECTEXTEND 
                    -PRINT(.\Listings\20190402.lst) TABS(2) OBJECT(.\Objects\20190402.obj)

line level    source

   1          #include<regx52.h>
   2          #include<intrins.h>
   3          void delay(unsigned int i);
   4          void Beep(void);
   5          
   6          sbit fm = P2^3;
   7          unsigned int i, q = 0;
   8          //void bibibi(int i);
   9          //共阴极数码管字模0 - 9 //增加“-”
  10          unsigned char code Disp_Tab[] = {0x3f,0x06,0x5b,0x4f,0x66,0x6d,0x7d,0x07,0x7f,0x6f,0x40,0xbf};
  11          //共阴极数码管位选控制 0 - 7
  12          //unsigned char code dispbit[4]={0x1f,0x2f,0x4f,0x8f};
  13          void main(void)
  14          {
  15   1        char r = 0, s = 0;
  16   1        unsigned int LedOut[4];
  17   1        EA = 1;
  18   1        EX0 = 1;
  19   1        IT0 = 1;
  20   1        while(1)
  21   1        {
  22   2            P2 = Disp_Tab[q];
  23   2        }
  24   1      }
*** WARNING C280 IN LINE 16 OF 20190402.c: 'LedOut': unreferenced local variable
  25          
  26          void Plus()interrupt 0
  27          {
  28   1        q++;
  29   1        Beep();
  30   1      }
  31          void delay(unsigned int xms)        
  32          {
  33   1        unsigned int i,j;
  34   1        for(i=xms;i>0;i--)
  35   1          for(j=112;j>0;j--);
  36   1      }
  37          void Beep(void)
  38          {
  39   1        fm = 0;
  40   1        delay(50);
  41   1        fm = 1;
  42   1      }


MODULE INFORMATION:   STATIC OVERLAYABLE
   CODE SIZE        =    138    ----
   CONSTANT SIZE    =     12    ----
   XDATA SIZE       =   ----    ----
   PDATA SIZE       =   ----    ----
   DATA SIZE        =      4      10
   IDATA SIZE       =   ----    ----
   BIT SIZE         =   ----    ----
END OF MODULE INFORMATION.

C51 COMPILER V9.56.0.0   20190402                                                          04/03/2019 20:09:28 PAGE 2   


C51 COMPILATION COMPLETE.  1 WARNING(S),  0 ERROR(S)
