C51 COMPILER V9.56.0.0   20190508___2                                                      05/09/2019 00:30:54 PAGE 1   


C51 COMPILER V9.56.0.0, COMPILATION OF MODULE 20190508___2
OBJECT MODULE PLACED IN .\Objects\20190508 - 2.obj
COMPILER INVOKED BY: C:\Program Files (x86)\keil\C51\BIN\C51.EXE 20190508 - 2.c OPTIMIZE(8,SPEED) BROWSE DEBUG OBJECTEXT
                    -END PRINT(.\Listings\20190508 - 2.lst) TABS(2) OBJECT(.\Objects\20190508 - 2.obj)

line level    source

   1          //实验一 乙机-接收端
   2          #include<regx52.h>
   3          void main(void)
   4          {
   5   1        TMOD = 0x20;//计数器1，工作方式2
   6   1        SCON = 0x50;//0101 0000, 设置为工作方式1,串行接受允许位REN=1
   7   1        PCON = 0x00;//波特率不加倍
   8   1        TH1 = 0xfd;
   9   1        TL1 = 0xfd;
  10   1        ES = 1;//串行接收中断允许位，接收到数据后会引起一次中断
  11   1        EA = 1;
  12   1        TR1 = 1;
  13   1        while(1);
  14   1      }
  15          void receive(void) interrupt 4 //串行接收中断服务函数
  16          {
  17   1        unsigned char temp;
  18   1        temp = SBUF;
  19   1        P1 = temp;
  20   1        RI = 0;
  21   1      }


MODULE INFORMATION:   STATIC OVERLAYABLE
   CODE SIZE        =     41    ----
   CONSTANT SIZE    =   ----    ----
   XDATA SIZE       =   ----    ----
   PDATA SIZE       =   ----    ----
   DATA SIZE        =   ----    ----
   IDATA SIZE       =   ----    ----
   BIT SIZE         =   ----    ----
END OF MODULE INFORMATION.


C51 COMPILATION COMPLETE.  0 WARNING(S),  0 ERROR(S)
