C51 COMPILER V9.56.0.0   20190508___3                                                      05/09/2019 00:30:36 PAGE 1   


C51 COMPILER V9.56.0.0, COMPILATION OF MODULE 20190508___3
OBJECT MODULE PLACED IN .\Objects\20190508 - 3.obj
COMPILER INVOKED BY: C:\Program Files (x86)\keil\C51\BIN\C51.EXE 20190508 - 3.c OPTIMIZE(8,SPEED) BROWSE DEBUG OBJECTEXT
                    -END PRINT(.\Listings\20190508 - 3.lst) TABS(2) OBJECT(.\Objects\20190508 - 3.obj)

line level    source

   1          //实验二 甲乙两机程序相同
   2          #include<regx52.h>
   3          unsigned char temp;
   4          void main(void)
   5          {
   6   1        TMOD = 0x20;
   7   1        SCON = 0x50;
   8   1        PCON = 0x00;
   9   1        TH1 = 0xfd;
  10   1        TL1 = 0xfd;
  11   1        ES = 1;
  12   1        EA = 1;
  13   1        TR1 = 1;
  14   1        P2 = 0xff;//P2口置为输入状态
  15   1        //引发串行接收中断服务程序前，甲乙需要互相发送第一次的数据
  16   1        temp = P2;//P2口状态保存至temp
  17   1        SBUF = temp;//temp赋给SBUF发送出去
  18   1        while(!TI);//当TI=1的时候发送完毕
  19   1        TI = 0;//清除发送中断标志位
  20   1        while(1);
  21   1      }
  22          void uart(void) interrupt 4//接收到数据后进入这个串行接收中断
  23          {
  24   1        temp = SBUF;//将SBUF接收到的数据保存至temp
  25   1        RI = 0;//清除接收中断标志位
  26   1        P0 = temp;//改变灯的状态
  27   1        temp = P2;//P2口开关状态保存到temp
  28   1        SBUF = temp;//发送
  29   1        while(!TI);
  30   1        TI = 0;
  31   1      }


MODULE INFORMATION:   STATIC OVERLAYABLE
   CODE SIZE        =     57    ----
   CONSTANT SIZE    =   ----    ----
   XDATA SIZE       =   ----    ----
   PDATA SIZE       =   ----    ----
   DATA SIZE        =      1    ----
   IDATA SIZE       =   ----    ----
   BIT SIZE         =   ----    ----
END OF MODULE INFORMATION.


C51 COMPILATION COMPLETE.  0 WARNING(S),  0 ERROR(S)
