C51 COMPILER V9.56.0.0   20190508___1                                                      05/09/2019 00:31:13 PAGE 1   


C51 COMPILER V9.56.0.0, COMPILATION OF MODULE 20190508___1
OBJECT MODULE PLACED IN .\Objects\20190508 - 1.obj
COMPILER INVOKED BY: C:\Program Files (x86)\keil\C51\BIN\C51.EXE 20190508 - 1.c OPTIMIZE(8,SPEED) BROWSE DEBUG OBJECTEXT
                    -END PRINT(.\Listings\20190508 - 1.lst) TABS(2) OBJECT(.\Objects\20190508 - 1.obj)

line level    source

   1          //实验一 甲机-发送端
   2          #include<regx52.h>
   3          void main(void)
   4          {
   5   1        unsigned char temp;
   6   1        TMOD = 0x20;//计数器1，工作方式2
   7   1        SCON = 0x40;//0100 0000, 设置为工作方式1,串行接受允许位REN=0
   8   1        PCON = 0x00;//波特率不加倍
   9   1        TH1 = 0xfd;
  10   1        TL1 = 0xfd;
  11   1        EA = 1;
  12   1        TR1 = 1;
  13   1        P1 = 0xff;
  14   1        while(1)
  15   1        {
  16   2          temp = P1;
  17   2          SBUF = temp;
  18   2          while(!TI);//等待TI=1即数据发送完成
  19   2          TI = 0;//清除发送标志位
  20   2        }
  21   1      }


MODULE INFORMATION:   STATIC OVERLAYABLE
   CODE SIZE        =     33    ----
   CONSTANT SIZE    =   ----    ----
   XDATA SIZE       =   ----    ----
   PDATA SIZE       =   ----    ----
   DATA SIZE        =   ----    ----
   IDATA SIZE       =   ----    ----
   BIT SIZE         =   ----    ----
END OF MODULE INFORMATION.


C51 COMPILATION COMPLETE.  0 WARNING(S),  0 ERROR(S)
